2024-11-20 11:43:40,677 [Worker-7: Loading available Gradle versions] INFO  o.e.b.c.i.u.g.PublishedGradleVersions - Gradle version information cache is up-to-date. Trying to read.
2024-11-20 11:46:12,225 [Worker-25: Launching mavenrun-62f0fcfe-607e-45c6-9e25-012bd66de2a1] INFO  o.eclipse.m2e.core.internal.Bundles - getClasspathEntries(Bundle=org.eclipse.m2e.maven.runtime_3.9.900.20240824-1409 [640])
2024-11-20 11:46:12,229 [Worker-25: Launching mavenrun-62f0fcfe-607e-45c6-9e25-012bd66de2a1] INFO  o.eclipse.m2e.core.internal.Bundles - 	Entry: C:\Users\Lokesh\.p2\pool\plugins\org.eclipse.m2e.maven.runtime_3.9.900.20240824-1409
2024-11-20 11:46:12,229 [Worker-25: Launching mavenrun-62f0fcfe-607e-45c6-9e25-012bd66de2a1] INFO  o.eclipse.m2e.core.internal.Bundles - 	Entry: C:\Users\Lokesh\.p2\pool\plugins\org.eclipse.m2e.maven.runtime_3.9.900.20240824-1409\jars\aopalliance-1.0.jar
2024-11-20 11:46:12,230 [Worker-25: Launching mavenrun-62f0fcfe-607e-45c6-9e25-012bd66de2a1] INFO  o.eclipse.m2e.core.internal.Bundles - 	Entry: C:\Users\Lokesh\.p2\pool\plugins\org.eclipse.m2e.maven.runtime_3.9.900.20240824-1409\jars\guice-5.1.0.jar
2024-11-20 11:46:12,230 [Worker-25: Launching mavenrun-62f0fcfe-607e-45c6-9e25-012bd66de2a1] INFO  o.eclipse.m2e.core.internal.Bundles - 	Entry: C:\Users\Lokesh\.p2\pool\plugins\org.eclipse.m2e.maven.runtime_3.9.900.20240824-1409\jars\httpclient-4.5.14.jar
2024-11-20 11:46:12,231 [Worker-25: Launching mavenrun-62f0fcfe-607e-45c6-9e25-012bd66de2a1] INFO  o.eclipse.m2e.core.internal.Bundles - 	Entry: C:\Users\Lokesh\.p2\pool\plugins\org.eclipse.m2e.maven.runtime_3.9.900.20240824-1409\jars\httpcore-4.4.16.jar
2024-11-20 11:46:12,231 [Worker-25: Launching mavenrun-62f0fcfe-607e-45c6-9e25-012bd66de2a1] INFO  o.eclipse.m2e.core.internal.Bundles - 	Entry: C:\Users\Lokesh\.p2\pool\plugins\org.eclipse.m2e.maven.runtime_3.9.900.20240824-1409\jars\jansi-2.4.1.jar
2024-11-20 11:46:12,231 [Worker-25: Launching mavenrun-62f0fcfe-607e-45c6-9e25-012bd66de2a1] INFO  o.eclipse.m2e.core.internal.Bundles - 	Entry: C:\Users\Lokesh\.p2\pool\plugins\org.eclipse.m2e.maven.runtime_3.9.900.20240824-1409\jars\jcl-over-slf4j-1.7.36.jar
2024-11-20 11:46:12,231 [Worker-25: Launching mavenrun-62f0fcfe-607e-45c6-9e25-012bd66de2a1] INFO  o.eclipse.m2e.core.internal.Bundles - 	Entry: C:\Users\Lokesh\.p2\pool\plugins\org.eclipse.m2e.maven.runtime_3.9.900.20240824-1409\jars\maven-artifact-3.9.9.jar
2024-11-20 11:46:12,231 [Worker-25: Launching mavenrun-62f0fcfe-607e-45c6-9e25-012bd66de2a1] INFO  o.eclipse.m2e.core.internal.Bundles - 	Entry: C:\Users\Lokesh\.p2\pool\plugins\org.eclipse.m2e.maven.runtime_3.9.900.20240824-1409\jars\maven-builder-support-3.9.9.jar
2024-11-20 11:46:12,231 [Worker-25: Launching mavenrun-62f0fcfe-607e-45c6-9e25-012bd66de2a1] INFO  o.eclipse.m2e.core.internal.Bundles - 	Entry: C:\Users\Lokesh\.p2\pool\plugins\org.eclipse.m2e.maven.runtime_3.9.900.20240824-1409\jars\maven-compat-3.9.9.jar
2024-11-20 11:46:12,232 [Worker-25: Launching mavenrun-62f0fcfe-607e-45c6-9e25-012bd66de2a1] INFO  o.eclipse.m2e.core.internal.Bundles - 	Entry: C:\Users\Lokesh\.p2\pool\plugins\org.eclipse.m2e.maven.runtime_3.9.900.20240824-1409\jars\maven-core-3.9.9.jar
2024-11-20 11:46:12,232 [Worker-25: Launching mavenrun-62f0fcfe-607e-45c6-9e25-012bd66de2a1] INFO  o.eclipse.m2e.core.internal.Bundles - 	Entry: C:\Users\Lokesh\.p2\pool\plugins\org.eclipse.m2e.maven.runtime_3.9.900.20240824-1409\jars\maven-embedder-3.9.9.jar
2024-11-20 11:46:12,232 [Worker-25: Launching mavenrun-62f0fcfe-607e-45c6-9e25-012bd66de2a1] INFO  o.eclipse.m2e.core.internal.Bundles - 	Entry: C:\Users\Lokesh\.p2\pool\plugins\org.eclipse.m2e.maven.runtime_3.9.900.20240824-1409\jars\maven-model-3.9.9.jar
2024-11-20 11:46:12,232 [Worker-25: Launching mavenrun-62f0fcfe-607e-45c6-9e25-012bd66de2a1] INFO  o.eclipse.m2e.core.internal.Bundles - 	Entry: C:\Users\Lokesh\.p2\pool\plugins\org.eclipse.m2e.maven.runtime_3.9.900.20240824-1409\jars\maven-model-builder-3.9.9.jar
2024-11-20 11:46:12,232 [Worker-25: Launching mavenrun-62f0fcfe-607e-45c6-9e25-012bd66de2a1] INFO  o.eclipse.m2e.core.internal.Bundles - 	Entry: C:\Users\Lokesh\.p2\pool\plugins\org.eclipse.m2e.maven.runtime_3.9.900.20240824-1409\jars\maven-plugin-api-3.9.9.jar
2024-11-20 11:46:12,233 [Worker-25: Launching mavenrun-62f0fcfe-607e-45c6-9e25-012bd66de2a1] INFO  o.eclipse.m2e.core.internal.Bundles - 	Entry: C:\Users\Lokesh\.p2\pool\plugins\org.eclipse.m2e.maven.runtime_3.9.900.20240824-1409\jars\maven-repository-metadata-3.9.9.jar
2024-11-20 11:46:12,233 [Worker-25: Launching mavenrun-62f0fcfe-607e-45c6-9e25-012bd66de2a1] INFO  o.eclipse.m2e.core.internal.Bundles - 	Entry: C:\Users\Lokesh\.p2\pool\plugins\org.eclipse.m2e.maven.runtime_3.9.900.20240824-1409\jars\maven-resolver-api-1.9.22.jar
2024-11-20 11:46:12,233 [Worker-25: Launching mavenrun-62f0fcfe-607e-45c6-9e25-012bd66de2a1] INFO  o.eclipse.m2e.core.internal.Bundles - 	Entry: C:\Users\Lokesh\.p2\pool\plugins\org.eclipse.m2e.maven.runtime_3.9.900.20240824-1409\jars\maven-resolver-connector-basic-1.9.22.jar
2024-11-20 11:46:12,233 [Worker-25: Launching mavenrun-62f0fcfe-607e-45c6-9e25-012bd66de2a1] INFO  o.eclipse.m2e.core.internal.Bundles - 	Entry: C:\Users\Lokesh\.p2\pool\plugins\org.eclipse.m2e.maven.runtime_3.9.900.20240824-1409\jars\maven-resolver-impl-1.9.22.jar
2024-11-20 11:46:12,234 [Worker-25: Launching mavenrun-62f0fcfe-607e-45c6-9e25-012bd66de2a1] INFO  o.eclipse.m2e.core.internal.Bundles - 	Entry: C:\Users\Lokesh\.p2\pool\plugins\org.eclipse.m2e.maven.runtime_3.9.900.20240824-1409\jars\maven-resolver-named-locks-1.9.22.jar
2024-11-20 11:46:12,234 [Worker-25: Launching mavenrun-62f0fcfe-607e-45c6-9e25-012bd66de2a1] INFO  o.eclipse.m2e.core.internal.Bundles - 	Entry: C:\Users\Lokesh\.p2\pool\plugins\org.eclipse.m2e.maven.runtime_3.9.900.20240824-1409\jars\maven-resolver-provider-3.9.9.jar
2024-11-20 11:46:12,234 [Worker-25: Launching mavenrun-62f0fcfe-607e-45c6-9e25-012bd66de2a1] INFO  o.eclipse.m2e.core.internal.Bundles - 	Entry: C:\Users\Lokesh\.p2\pool\plugins\org.eclipse.m2e.maven.runtime_3.9.900.20240824-1409\jars\maven-resolver-spi-1.9.22.jar
2024-11-20 11:46:12,234 [Worker-25: Launching mavenrun-62f0fcfe-607e-45c6-9e25-012bd66de2a1] INFO  o.eclipse.m2e.core.internal.Bundles - 	Entry: C:\Users\Lokesh\.p2\pool\plugins\org.eclipse.m2e.maven.runtime_3.9.900.20240824-1409\jars\maven-resolver-transport-file-1.9.22.jar
2024-11-20 11:46:12,235 [Worker-25: Launching mavenrun-62f0fcfe-607e-45c6-9e25-012bd66de2a1] INFO  o.eclipse.m2e.core.internal.Bundles - 	Entry: C:\Users\Lokesh\.p2\pool\plugins\org.eclipse.m2e.maven.runtime_3.9.900.20240824-1409\jars\maven-resolver-transport-http-1.9.22.jar
2024-11-20 11:46:12,235 [Worker-25: Launching mavenrun-62f0fcfe-607e-45c6-9e25-012bd66de2a1] INFO  o.eclipse.m2e.core.internal.Bundles - 	Entry: C:\Users\Lokesh\.p2\pool\plugins\org.eclipse.m2e.maven.runtime_3.9.900.20240824-1409\jars\maven-resolver-transport-wagon-1.9.22.jar
2024-11-20 11:46:12,235 [Worker-25: Launching mavenrun-62f0fcfe-607e-45c6-9e25-012bd66de2a1] INFO  o.eclipse.m2e.core.internal.Bundles - 	Entry: C:\Users\Lokesh\.p2\pool\plugins\org.eclipse.m2e.maven.runtime_3.9.900.20240824-1409\jars\maven-resolver-util-1.9.22.jar
2024-11-20 11:46:12,235 [Worker-25: Launching mavenrun-62f0fcfe-607e-45c6-9e25-012bd66de2a1] INFO  o.eclipse.m2e.core.internal.Bundles - 	Entry: C:\Users\Lokesh\.p2\pool\plugins\org.eclipse.m2e.maven.runtime_3.9.900.20240824-1409\jars\maven-settings-3.9.9.jar
2024-11-20 11:46:12,236 [Worker-25: Launching mavenrun-62f0fcfe-607e-45c6-9e25-012bd66de2a1] INFO  o.eclipse.m2e.core.internal.Bundles - 	Entry: C:\Users\Lokesh\.p2\pool\plugins\org.eclipse.m2e.maven.runtime_3.9.900.20240824-1409\jars\maven-settings-builder-3.9.9.jar
2024-11-20 11:46:12,236 [Worker-25: Launching mavenrun-62f0fcfe-607e-45c6-9e25-012bd66de2a1] INFO  o.eclipse.m2e.core.internal.Bundles - 	Entry: C:\Users\Lokesh\.p2\pool\plugins\org.eclipse.m2e.maven.runtime_3.9.900.20240824-1409\jars\maven-shared-utils-3.4.2.jar
2024-11-20 11:46:12,236 [Worker-25: Launching mavenrun-62f0fcfe-607e-45c6-9e25-012bd66de2a1] INFO  o.eclipse.m2e.core.internal.Bundles - 	Entry: C:\Users\Lokesh\.p2\pool\plugins\org.eclipse.m2e.maven.runtime_3.9.900.20240824-1409\jars\org.eclipse.sisu.inject-0.9.0.M3.jar
2024-11-20 11:46:12,237 [Worker-25: Launching mavenrun-62f0fcfe-607e-45c6-9e25-012bd66de2a1] INFO  o.eclipse.m2e.core.internal.Bundles - 	Entry: C:\Users\Lokesh\.p2\pool\plugins\org.eclipse.m2e.maven.runtime_3.9.900.20240824-1409\jars\org.eclipse.sisu.plexus-0.9.0.M3.jar
2024-11-20 11:46:12,237 [Worker-25: Launching mavenrun-62f0fcfe-607e-45c6-9e25-012bd66de2a1] INFO  o.eclipse.m2e.core.internal.Bundles - 	Entry: C:\Users\Lokesh\.p2\pool\plugins\org.eclipse.m2e.maven.runtime_3.9.900.20240824-1409\jars\plexus-build-api-0.0.7.jar
2024-11-20 11:46:12,238 [Worker-25: Launching mavenrun-62f0fcfe-607e-45c6-9e25-012bd66de2a1] INFO  o.eclipse.m2e.core.internal.Bundles - 	Entry: C:\Users\Lokesh\.p2\pool\plugins\org.eclipse.m2e.maven.runtime_3.9.900.20240824-1409\jars\plexus-build-api-1.2.0.jar
2024-11-20 11:46:12,238 [Worker-25: Launching mavenrun-62f0fcfe-607e-45c6-9e25-012bd66de2a1] INFO  o.eclipse.m2e.core.internal.Bundles - 	Entry: C:\Users\Lokesh\.p2\pool\plugins\org.eclipse.m2e.maven.runtime_3.9.900.20240824-1409\jars\plexus-cipher-2.0.jar
2024-11-20 11:46:12,238 [Worker-25: Launching mavenrun-62f0fcfe-607e-45c6-9e25-012bd66de2a1] INFO  o.eclipse.m2e.core.internal.Bundles - 	Entry: C:\Users\Lokesh\.p2\pool\plugins\org.eclipse.m2e.maven.runtime_3.9.900.20240824-1409\jars\plexus-classworlds-2.8.0.jar
2024-11-20 11:46:12,239 [Worker-25: Launching mavenrun-62f0fcfe-607e-45c6-9e25-012bd66de2a1] INFO  o.eclipse.m2e.core.internal.Bundles - 	Entry: C:\Users\Lokesh\.p2\pool\plugins\org.eclipse.m2e.maven.runtime_3.9.900.20240824-1409\jars\plexus-component-annotations-2.1.0.jar
2024-11-20 11:46:12,239 [Worker-25: Launching mavenrun-62f0fcfe-607e-45c6-9e25-012bd66de2a1] INFO  o.eclipse.m2e.core.internal.Bundles - 	Entry: C:\Users\Lokesh\.p2\pool\plugins\org.eclipse.m2e.maven.runtime_3.9.900.20240824-1409\jars\plexus-interpolation-1.27.jar
2024-11-20 11:46:12,239 [Worker-25: Launching mavenrun-62f0fcfe-607e-45c6-9e25-012bd66de2a1] INFO  o.eclipse.m2e.core.internal.Bundles - 	Entry: C:\Users\Lokesh\.p2\pool\plugins\org.eclipse.m2e.maven.runtime_3.9.900.20240824-1409\jars\plexus-sec-dispatcher-2.0.jar
2024-11-20 11:46:12,240 [Worker-25: Launching mavenrun-62f0fcfe-607e-45c6-9e25-012bd66de2a1] INFO  o.eclipse.m2e.core.internal.Bundles - 	Entry: C:\Users\Lokesh\.p2\pool\plugins\org.eclipse.m2e.maven.runtime_3.9.900.20240824-1409\jars\plexus-utils-3.5.1.jar
2024-11-20 11:46:12,240 [Worker-25: Launching mavenrun-62f0fcfe-607e-45c6-9e25-012bd66de2a1] INFO  o.eclipse.m2e.core.internal.Bundles - 	Entry: C:\Users\Lokesh\.p2\pool\plugins\org.eclipse.m2e.maven.runtime_3.9.900.20240824-1409\jars\plexus-xml-3.0.1.jar
2024-11-20 11:46:12,240 [Worker-25: Launching mavenrun-62f0fcfe-607e-45c6-9e25-012bd66de2a1] INFO  o.eclipse.m2e.core.internal.Bundles - 	Entry: C:\Users\Lokesh\.p2\pool\plugins\org.eclipse.m2e.maven.runtime_3.9.900.20240824-1409\jars\wagon-file-3.5.3.jar
2024-11-20 11:46:12,240 [Worker-25: Launching mavenrun-62f0fcfe-607e-45c6-9e25-012bd66de2a1] INFO  o.eclipse.m2e.core.internal.Bundles - 	Entry: C:\Users\Lokesh\.p2\pool\plugins\org.eclipse.m2e.maven.runtime_3.9.900.20240824-1409\jars\wagon-http-3.5.3.jar
2024-11-20 11:46:12,241 [Worker-25: Launching mavenrun-62f0fcfe-607e-45c6-9e25-012bd66de2a1] INFO  o.eclipse.m2e.core.internal.Bundles - 	Entry: C:\Users\Lokesh\.p2\pool\plugins\org.eclipse.m2e.maven.runtime_3.9.900.20240824-1409\jars\wagon-http-shared-3.5.3.jar
2024-11-20 11:46:12,241 [Worker-25: Launching mavenrun-62f0fcfe-607e-45c6-9e25-012bd66de2a1] INFO  o.eclipse.m2e.core.internal.Bundles - 	Entry: C:\Users\Lokesh\.p2\pool\plugins\org.eclipse.m2e.maven.runtime_3.9.900.20240824-1409\jars\wagon-provider-api-3.5.3.jar
2024-11-20 11:46:12,243 [Worker-25: Launching mavenrun-62f0fcfe-607e-45c6-9e25-012bd66de2a1] INFO  o.eclipse.m2e.core.internal.Bundles - getClasspathEntries(Bundle=com.google.guava_33.3.0.jre [16])
2024-11-20 11:46:12,244 [Worker-25: Launching mavenrun-62f0fcfe-607e-45c6-9e25-012bd66de2a1] INFO  o.eclipse.m2e.core.internal.Bundles - 	Entry: C:\Users\Lokesh\.p2\pool\plugins\com.google.guava_33.3.0.jre.jar
2024-11-20 11:46:12,244 [Worker-25: Launching mavenrun-62f0fcfe-607e-45c6-9e25-012bd66de2a1] INFO  o.eclipse.m2e.core.internal.Bundles - getClasspathEntries(Bundle=slf4j.api_2.0.16 [1005])
2024-11-20 11:46:12,245 [Worker-25: Launching mavenrun-62f0fcfe-607e-45c6-9e25-012bd66de2a1] INFO  o.eclipse.m2e.core.internal.Bundles - 	Entry: C:\Users\Lokesh\.p2\pool\plugins\slf4j.api_2.0.16.jar
2024-11-20 11:46:12,245 [Worker-25: Launching mavenrun-62f0fcfe-607e-45c6-9e25-012bd66de2a1] INFO  o.eclipse.m2e.core.internal.Bundles - getClasspathEntries(Bundle=jakarta.inject.jakarta.inject-api_1.0.5 [34])
2024-11-20 11:46:12,245 [Worker-25: Launching mavenrun-62f0fcfe-607e-45c6-9e25-012bd66de2a1] INFO  o.eclipse.m2e.core.internal.Bundles - 	Entry: C:\Users\Lokesh\.p2\pool\plugins\jakarta.inject.jakarta.inject-api_1.0.5.jar
2024-11-20 11:46:12,245 [Worker-25: Launching mavenrun-62f0fcfe-607e-45c6-9e25-012bd66de2a1] INFO  o.eclipse.m2e.core.internal.Bundles - getClasspathEntries(Bundle=jakarta.annotation-api_1.3.5 [29])
2024-11-20 11:46:12,246 [Worker-25: Launching mavenrun-62f0fcfe-607e-45c6-9e25-012bd66de2a1] INFO  o.eclipse.m2e.core.internal.Bundles - 	Entry: C:\Users\Lokesh\.p2\pool\plugins\jakarta.annotation-api_1.3.5.jar
2024-11-20 11:46:12,246 [Worker-25: Launching mavenrun-62f0fcfe-607e-45c6-9e25-012bd66de2a1] INFO  o.eclipse.m2e.core.internal.Bundles - getClasspathEntries(Bundle=org.apache.commons.cli_1.9.0 [78])
2024-11-20 11:46:12,246 [Worker-25: Launching mavenrun-62f0fcfe-607e-45c6-9e25-012bd66de2a1] INFO  o.eclipse.m2e.core.internal.Bundles - 	Entry: C:\Users\Lokesh\.p2\pool\plugins\org.apache.commons.cli_1.9.0.jar
2024-11-20 11:46:12,246 [Worker-25: Launching mavenrun-62f0fcfe-607e-45c6-9e25-012bd66de2a1] INFO  o.eclipse.m2e.core.internal.Bundles - getClasspathEntries(Bundle=org.apache.commons.commons-codec_1.16.0 [81])
2024-11-20 11:46:12,247 [Worker-25: Launching mavenrun-62f0fcfe-607e-45c6-9e25-012bd66de2a1] INFO  o.eclipse.m2e.core.internal.Bundles - 	Entry: C:\Users\Lokesh\.p2\pool\plugins\org.apache.commons.commons-codec_1.16.0.jar
2024-11-20 11:46:12,247 [Worker-25: Launching mavenrun-62f0fcfe-607e-45c6-9e25-012bd66de2a1] INFO  o.eclipse.m2e.core.internal.Bundles - getClasspathEntries(Bundle=com.google.guava.failureaccess_1.0.2 [17])
2024-11-20 11:46:12,247 [Worker-25: Launching mavenrun-62f0fcfe-607e-45c6-9e25-012bd66de2a1] INFO  o.eclipse.m2e.core.internal.Bundles - 	Entry: C:\Users\Lokesh\.p2\pool\plugins\com.google.guava.failureaccess_1.0.2.jar
2024-11-20 11:46:12,252 [Worker-25: Launching mavenrun-62f0fcfe-607e-45c6-9e25-012bd66de2a1] INFO  o.e.m.i.launch.MavenLaunchDelegate - Run build in "C:\Users\Lokesh\AppData\Local\Temp\m2e-archetypeGenerator5288979760811574259":
2024-11-20 11:46:12,276 [Worker-25: Launching mavenrun-62f0fcfe-607e-45c6-9e25-012bd66de2a1] INFO  o.e.m.i.launch.MavenLaunchDelegate -  mvn  -DarchetypeGroupId=org.apache.maven.archetypes -DarchetypeArtifactId=maven-archetype-webapp -DarchetypeVersion=1.5 -DgroupId=web-project -DartifactId=sample-project -Dversion=0.0.1-SNAPSHOT -Dpackage=web_project.sample_project -DoutputDirectory=C:\Users\Lokesh\eclipse-enterprise-workspace -Dstyle.color=always -U archetype:generate
2024-11-20 11:46:45,822 [Worker-23: Creating maven-archetype-webapp] INFO  o.e.m.c.i.p.ProjectConfigurationManager - Collecting project info '/pom.xml' C:\Users\Lokesh\eclipse-enterprise-workspace\sample-project\pom.xml
2024-11-20 11:46:49,754 [Worker-23: Creating maven-archetype-webapp] INFO  o.e.m.c.i.l.LifecycleMappingFactory - Using org.maven.ide.eclipse.wtp.WarLifecycleMapping lifecycle mapping for MavenProject: web-project:sample-project:0.0.1-SNAPSHOT @ C:\Users\Lokesh\eclipse-enterprise-workspace\sample-project\pom.xml.
2024-11-20 11:46:56,300 [Worker-23: Creating maven-archetype-webapp] INFO  o.e.m.j.i.AbstractJavaProjectConfigurator - Adding source folder /sample-project/src/main/java
2024-11-20 11:46:56,301 [Worker-23: Creating maven-archetype-webapp] INFO  o.e.m.j.i.AbstractJavaProjectConfigurator - Adding resource folder /sample-project/src/main/resources
2024-11-20 11:46:56,302 [Worker-23: Creating maven-archetype-webapp] INFO  o.e.m.j.i.AbstractJavaProjectConfigurator - Adding source folder /sample-project/src/test/java
2024-11-20 11:46:56,304 [Worker-23: Creating maven-archetype-webapp] INFO  o.e.m.j.i.AbstractJavaProjectConfigurator - Adding resource folder /sample-project/src/test/resources
2024-11-20 11:46:59,247 [Worker-23: Creating maven-archetype-webapp] INFO  o.e.m.c.i.p.ProjectConfigurationManager - Imported and configured 1 project(s) in 13 sec
2024-11-20 11:47:00,819 [Worker-27: Building] INFO  o.a.m.s.f.DefaultMavenResourcesFiltering - skip non existing resourceDirectory C:\Users\Lokesh\eclipse-enterprise-workspace\sample-project\src\main\resources
2024-11-20 11:47:00,829 [Worker-27: Building] INFO  o.a.m.s.f.DefaultMavenResourcesFiltering - skip non existing resourceDirectory C:\Users\Lokesh\eclipse-enterprise-workspace\sample-project\src\test\resources
2024-11-20 11:47:39,171 [Worker-13: Launching Executing install in C__Users_Lokesh_eclipse-enterprise-workspace_sample-project] INFO  o.eclipse.m2e.core.internal.Bundles - getClasspathEntries(Bundle=org.eclipse.m2e.maven.runtime_3.9.900.20240824-1409 [640])
2024-11-20 11:47:39,172 [Worker-13: Launching Executing install in C__Users_Lokesh_eclipse-enterprise-workspace_sample-project] INFO  o.eclipse.m2e.core.internal.Bundles - 	Entry: C:\Users\Lokesh\.p2\pool\plugins\org.eclipse.m2e.maven.runtime_3.9.900.20240824-1409
2024-11-20 11:47:39,172 [Worker-13: Launching Executing install in C__Users_Lokesh_eclipse-enterprise-workspace_sample-project] INFO  o.eclipse.m2e.core.internal.Bundles - 	Entry: C:\Users\Lokesh\.p2\pool\plugins\org.eclipse.m2e.maven.runtime_3.9.900.20240824-1409\jars\aopalliance-1.0.jar
2024-11-20 11:47:39,172 [Worker-13: Launching Executing install in C__Users_Lokesh_eclipse-enterprise-workspace_sample-project] INFO  o.eclipse.m2e.core.internal.Bundles - 	Entry: C:\Users\Lokesh\.p2\pool\plugins\org.eclipse.m2e.maven.runtime_3.9.900.20240824-1409\jars\guice-5.1.0.jar
2024-11-20 11:47:39,173 [Worker-13: Launching Executing install in C__Users_Lokesh_eclipse-enterprise-workspace_sample-project] INFO  o.eclipse.m2e.core.internal.Bundles - 	Entry: C:\Users\Lokesh\.p2\pool\plugins\org.eclipse.m2e.maven.runtime_3.9.900.20240824-1409\jars\httpclient-4.5.14.jar
2024-11-20 11:47:39,173 [Worker-13: Launching Executing install in C__Users_Lokesh_eclipse-enterprise-workspace_sample-project] INFO  o.eclipse.m2e.core.internal.Bundles - 	Entry: C:\Users\Lokesh\.p2\pool\plugins\org.eclipse.m2e.maven.runtime_3.9.900.20240824-1409\jars\httpcore-4.4.16.jar
2024-11-20 11:47:39,173 [Worker-13: Launching Executing install in C__Users_Lokesh_eclipse-enterprise-workspace_sample-project] INFO  o.eclipse.m2e.core.internal.Bundles - 	Entry: C:\Users\Lokesh\.p2\pool\plugins\org.eclipse.m2e.maven.runtime_3.9.900.20240824-1409\jars\jansi-2.4.1.jar
2024-11-20 11:47:39,173 [Worker-13: Launching Executing install in C__Users_Lokesh_eclipse-enterprise-workspace_sample-project] INFO  o.eclipse.m2e.core.internal.Bundles - 	Entry: C:\Users\Lokesh\.p2\pool\plugins\org.eclipse.m2e.maven.runtime_3.9.900.20240824-1409\jars\jcl-over-slf4j-1.7.36.jar
2024-11-20 11:47:39,173 [Worker-13: Launching Executing install in C__Users_Lokesh_eclipse-enterprise-workspace_sample-project] INFO  o.eclipse.m2e.core.internal.Bundles - 	Entry: C:\Users\Lokesh\.p2\pool\plugins\org.eclipse.m2e.maven.runtime_3.9.900.20240824-1409\jars\maven-artifact-3.9.9.jar
2024-11-20 11:47:39,173 [Worker-13: Launching Executing install in C__Users_Lokesh_eclipse-enterprise-workspace_sample-project] INFO  o.eclipse.m2e.core.internal.Bundles - 	Entry: C:\Users\Lokesh\.p2\pool\plugins\org.eclipse.m2e.maven.runtime_3.9.900.20240824-1409\jars\maven-builder-support-3.9.9.jar
2024-11-20 11:47:39,173 [Worker-13: Launching Executing install in C__Users_Lokesh_eclipse-enterprise-workspace_sample-project] INFO  o.eclipse.m2e.core.internal.Bundles - 	Entry: C:\Users\Lokesh\.p2\pool\plugins\org.eclipse.m2e.maven.runtime_3.9.900.20240824-1409\jars\maven-compat-3.9.9.jar
2024-11-20 11:47:39,173 [Worker-13: Launching Executing install in C__Users_Lokesh_eclipse-enterprise-workspace_sample-project] INFO  o.eclipse.m2e.core.internal.Bundles - 	Entry: C:\Users\Lokesh\.p2\pool\plugins\org.eclipse.m2e.maven.runtime_3.9.900.20240824-1409\jars\maven-core-3.9.9.jar
2024-11-20 11:47:39,174 [Worker-13: Launching Executing install in C__Users_Lokesh_eclipse-enterprise-workspace_sample-project] INFO  o.eclipse.m2e.core.internal.Bundles - 	Entry: C:\Users\Lokesh\.p2\pool\plugins\org.eclipse.m2e.maven.runtime_3.9.900.20240824-1409\jars\maven-embedder-3.9.9.jar
2024-11-20 11:47:39,174 [Worker-13: Launching Executing install in C__Users_Lokesh_eclipse-enterprise-workspace_sample-project] INFO  o.eclipse.m2e.core.internal.Bundles - 	Entry: C:\Users\Lokesh\.p2\pool\plugins\org.eclipse.m2e.maven.runtime_3.9.900.20240824-1409\jars\maven-model-3.9.9.jar
2024-11-20 11:47:39,174 [Worker-13: Launching Executing install in C__Users_Lokesh_eclipse-enterprise-workspace_sample-project] INFO  o.eclipse.m2e.core.internal.Bundles - 	Entry: C:\Users\Lokesh\.p2\pool\plugins\org.eclipse.m2e.maven.runtime_3.9.900.20240824-1409\jars\maven-model-builder-3.9.9.jar
2024-11-20 11:47:39,174 [Worker-13: Launching Executing install in C__Users_Lokesh_eclipse-enterprise-workspace_sample-project] INFO  o.eclipse.m2e.core.internal.Bundles - 	Entry: C:\Users\Lokesh\.p2\pool\plugins\org.eclipse.m2e.maven.runtime_3.9.900.20240824-1409\jars\maven-plugin-api-3.9.9.jar
2024-11-20 11:47:39,174 [Worker-13: Launching Executing install in C__Users_Lokesh_eclipse-enterprise-workspace_sample-project] INFO  o.eclipse.m2e.core.internal.Bundles - 	Entry: C:\Users\Lokesh\.p2\pool\plugins\org.eclipse.m2e.maven.runtime_3.9.900.20240824-1409\jars\maven-repository-metadata-3.9.9.jar
2024-11-20 11:47:39,175 [Worker-13: Launching Executing install in C__Users_Lokesh_eclipse-enterprise-workspace_sample-project] INFO  o.eclipse.m2e.core.internal.Bundles - 	Entry: C:\Users\Lokesh\.p2\pool\plugins\org.eclipse.m2e.maven.runtime_3.9.900.20240824-1409\jars\maven-resolver-api-1.9.22.jar
2024-11-20 11:47:39,175 [Worker-13: Launching Executing install in C__Users_Lokesh_eclipse-enterprise-workspace_sample-project] INFO  o.eclipse.m2e.core.internal.Bundles - 	Entry: C:\Users\Lokesh\.p2\pool\plugins\org.eclipse.m2e.maven.runtime_3.9.900.20240824-1409\jars\maven-resolver-connector-basic-1.9.22.jar
2024-11-20 11:47:39,175 [Worker-13: Launching Executing install in C__Users_Lokesh_eclipse-enterprise-workspace_sample-project] INFO  o.eclipse.m2e.core.internal.Bundles - 	Entry: C:\Users\Lokesh\.p2\pool\plugins\org.eclipse.m2e.maven.runtime_3.9.900.20240824-1409\jars\maven-resolver-impl-1.9.22.jar
2024-11-20 11:47:39,175 [Worker-13: Launching Executing install in C__Users_Lokesh_eclipse-enterprise-workspace_sample-project] INFO  o.eclipse.m2e.core.internal.Bundles - 	Entry: C:\Users\Lokesh\.p2\pool\plugins\org.eclipse.m2e.maven.runtime_3.9.900.20240824-1409\jars\maven-resolver-named-locks-1.9.22.jar
2024-11-20 11:47:39,176 [Worker-13: Launching Executing install in C__Users_Lokesh_eclipse-enterprise-workspace_sample-project] INFO  o.eclipse.m2e.core.internal.Bundles - 	Entry: C:\Users\Lokesh\.p2\pool\plugins\org.eclipse.m2e.maven.runtime_3.9.900.20240824-1409\jars\maven-resolver-provider-3.9.9.jar
2024-11-20 11:47:39,176 [Worker-13: Launching Executing install in C__Users_Lokesh_eclipse-enterprise-workspace_sample-project] INFO  o.eclipse.m2e.core.internal.Bundles - 	Entry: C:\Users\Lokesh\.p2\pool\plugins\org.eclipse.m2e.maven.runtime_3.9.900.20240824-1409\jars\maven-resolver-spi-1.9.22.jar
2024-11-20 11:47:39,176 [Worker-13: Launching Executing install in C__Users_Lokesh_eclipse-enterprise-workspace_sample-project] INFO  o.eclipse.m2e.core.internal.Bundles - 	Entry: C:\Users\Lokesh\.p2\pool\plugins\org.eclipse.m2e.maven.runtime_3.9.900.20240824-1409\jars\maven-resolver-transport-file-1.9.22.jar
2024-11-20 11:47:39,176 [Worker-13: Launching Executing install in C__Users_Lokesh_eclipse-enterprise-workspace_sample-project] INFO  o.eclipse.m2e.core.internal.Bundles - 	Entry: C:\Users\Lokesh\.p2\pool\plugins\org.eclipse.m2e.maven.runtime_3.9.900.20240824-1409\jars\maven-resolver-transport-http-1.9.22.jar
2024-11-20 11:47:39,176 [Worker-13: Launching Executing install in C__Users_Lokesh_eclipse-enterprise-workspace_sample-project] INFO  o.eclipse.m2e.core.internal.Bundles - 	Entry: C:\Users\Lokesh\.p2\pool\plugins\org.eclipse.m2e.maven.runtime_3.9.900.20240824-1409\jars\maven-resolver-transport-wagon-1.9.22.jar
2024-11-20 11:47:39,176 [Worker-13: Launching Executing install in C__Users_Lokesh_eclipse-enterprise-workspace_sample-project] INFO  o.eclipse.m2e.core.internal.Bundles - 	Entry: C:\Users\Lokesh\.p2\pool\plugins\org.eclipse.m2e.maven.runtime_3.9.900.20240824-1409\jars\maven-resolver-util-1.9.22.jar
2024-11-20 11:47:39,177 [Worker-13: Launching Executing install in C__Users_Lokesh_eclipse-enterprise-workspace_sample-project] INFO  o.eclipse.m2e.core.internal.Bundles - 	Entry: C:\Users\Lokesh\.p2\pool\plugins\org.eclipse.m2e.maven.runtime_3.9.900.20240824-1409\jars\maven-settings-3.9.9.jar
2024-11-20 11:47:39,177 [Worker-13: Launching Executing install in C__Users_Lokesh_eclipse-enterprise-workspace_sample-project] INFO  o.eclipse.m2e.core.internal.Bundles - 	Entry: C:\Users\Lokesh\.p2\pool\plugins\org.eclipse.m2e.maven.runtime_3.9.900.20240824-1409\jars\maven-settings-builder-3.9.9.jar
2024-11-20 11:47:39,177 [Worker-13: Launching Executing install in C__Users_Lokesh_eclipse-enterprise-workspace_sample-project] INFO  o.eclipse.m2e.core.internal.Bundles - 	Entry: C:\Users\Lokesh\.p2\pool\plugins\org.eclipse.m2e.maven.runtime_3.9.900.20240824-1409\jars\maven-shared-utils-3.4.2.jar
2024-11-20 11:47:39,177 [Worker-13: Launching Executing install in C__Users_Lokesh_eclipse-enterprise-workspace_sample-project] INFO  o.eclipse.m2e.core.internal.Bundles - 	Entry: C:\Users\Lokesh\.p2\pool\plugins\org.eclipse.m2e.maven.runtime_3.9.900.20240824-1409\jars\org.eclipse.sisu.inject-0.9.0.M3.jar
2024-11-20 11:47:39,178 [Worker-13: Launching Executing install in C__Users_Lokesh_eclipse-enterprise-workspace_sample-project] INFO  o.eclipse.m2e.core.internal.Bundles - 	Entry: C:\Users\Lokesh\.p2\pool\plugins\org.eclipse.m2e.maven.runtime_3.9.900.20240824-1409\jars\org.eclipse.sisu.plexus-0.9.0.M3.jar
2024-11-20 11:47:39,178 [Worker-13: Launching Executing install in C__Users_Lokesh_eclipse-enterprise-workspace_sample-project] INFO  o.eclipse.m2e.core.internal.Bundles - 	Entry: C:\Users\Lokesh\.p2\pool\plugins\org.eclipse.m2e.maven.runtime_3.9.900.20240824-1409\jars\plexus-build-api-0.0.7.jar
2024-11-20 11:47:39,178 [Worker-13: Launching Executing install in C__Users_Lokesh_eclipse-enterprise-workspace_sample-project] INFO  o.eclipse.m2e.core.internal.Bundles - 	Entry: C:\Users\Lokesh\.p2\pool\plugins\org.eclipse.m2e.maven.runtime_3.9.900.20240824-1409\jars\plexus-build-api-1.2.0.jar
2024-11-20 11:47:39,178 [Worker-13: Launching Executing install in C__Users_Lokesh_eclipse-enterprise-workspace_sample-project] INFO  o.eclipse.m2e.core.internal.Bundles - 	Entry: C:\Users\Lokesh\.p2\pool\plugins\org.eclipse.m2e.maven.runtime_3.9.900.20240824-1409\jars\plexus-cipher-2.0.jar
2024-11-20 11:47:39,178 [Worker-13: Launching Executing install in C__Users_Lokesh_eclipse-enterprise-workspace_sample-project] INFO  o.eclipse.m2e.core.internal.Bundles - 	Entry: C:\Users\Lokesh\.p2\pool\plugins\org.eclipse.m2e.maven.runtime_3.9.900.20240824-1409\jars\plexus-classworlds-2.8.0.jar
2024-11-20 11:47:39,178 [Worker-13: Launching Executing install in C__Users_Lokesh_eclipse-enterprise-workspace_sample-project] INFO  o.eclipse.m2e.core.internal.Bundles - 	Entry: C:\Users\Lokesh\.p2\pool\plugins\org.eclipse.m2e.maven.runtime_3.9.900.20240824-1409\jars\plexus-component-annotations-2.1.0.jar
2024-11-20 11:47:39,179 [Worker-13: Launching Executing install in C__Users_Lokesh_eclipse-enterprise-workspace_sample-project] INFO  o.eclipse.m2e.core.internal.Bundles - 	Entry: C:\Users\Lokesh\.p2\pool\plugins\org.eclipse.m2e.maven.runtime_3.9.900.20240824-1409\jars\plexus-interpolation-1.27.jar
2024-11-20 11:47:39,179 [Worker-13: Launching Executing install in C__Users_Lokesh_eclipse-enterprise-workspace_sample-project] INFO  o.eclipse.m2e.core.internal.Bundles - 	Entry: C:\Users\Lokesh\.p2\pool\plugins\org.eclipse.m2e.maven.runtime_3.9.900.20240824-1409\jars\plexus-sec-dispatcher-2.0.jar
2024-11-20 11:47:39,179 [Worker-13: Launching Executing install in C__Users_Lokesh_eclipse-enterprise-workspace_sample-project] INFO  o.eclipse.m2e.core.internal.Bundles - 	Entry: C:\Users\Lokesh\.p2\pool\plugins\org.eclipse.m2e.maven.runtime_3.9.900.20240824-1409\jars\plexus-utils-3.5.1.jar
2024-11-20 11:47:39,179 [Worker-13: Launching Executing install in C__Users_Lokesh_eclipse-enterprise-workspace_sample-project] INFO  o.eclipse.m2e.core.internal.Bundles - 	Entry: C:\Users\Lokesh\.p2\pool\plugins\org.eclipse.m2e.maven.runtime_3.9.900.20240824-1409\jars\plexus-xml-3.0.1.jar
2024-11-20 11:47:39,179 [Worker-13: Launching Executing install in C__Users_Lokesh_eclipse-enterprise-workspace_sample-project] INFO  o.eclipse.m2e.core.internal.Bundles - 	Entry: C:\Users\Lokesh\.p2\pool\plugins\org.eclipse.m2e.maven.runtime_3.9.900.20240824-1409\jars\wagon-file-3.5.3.jar
2024-11-20 11:47:39,179 [Worker-13: Launching Executing install in C__Users_Lokesh_eclipse-enterprise-workspace_sample-project] INFO  o.eclipse.m2e.core.internal.Bundles - 	Entry: C:\Users\Lokesh\.p2\pool\plugins\org.eclipse.m2e.maven.runtime_3.9.900.20240824-1409\jars\wagon-http-3.5.3.jar
2024-11-20 11:47:39,179 [Worker-13: Launching Executing install in C__Users_Lokesh_eclipse-enterprise-workspace_sample-project] INFO  o.eclipse.m2e.core.internal.Bundles - 	Entry: C:\Users\Lokesh\.p2\pool\plugins\org.eclipse.m2e.maven.runtime_3.9.900.20240824-1409\jars\wagon-http-shared-3.5.3.jar
2024-11-20 11:47:39,179 [Worker-13: Launching Executing install in C__Users_Lokesh_eclipse-enterprise-workspace_sample-project] INFO  o.eclipse.m2e.core.internal.Bundles - 	Entry: C:\Users\Lokesh\.p2\pool\plugins\org.eclipse.m2e.maven.runtime_3.9.900.20240824-1409\jars\wagon-provider-api-3.5.3.jar
2024-11-20 11:47:39,180 [Worker-13: Launching Executing install in C__Users_Lokesh_eclipse-enterprise-workspace_sample-project] INFO  o.eclipse.m2e.core.internal.Bundles - getClasspathEntries(Bundle=com.google.guava_33.3.0.jre [16])
2024-11-20 11:47:39,180 [Worker-13: Launching Executing install in C__Users_Lokesh_eclipse-enterprise-workspace_sample-project] INFO  o.eclipse.m2e.core.internal.Bundles - 	Entry: C:\Users\Lokesh\.p2\pool\plugins\com.google.guava_33.3.0.jre.jar
2024-11-20 11:47:39,180 [Worker-13: Launching Executing install in C__Users_Lokesh_eclipse-enterprise-workspace_sample-project] INFO  o.eclipse.m2e.core.internal.Bundles - getClasspathEntries(Bundle=slf4j.api_2.0.16 [1005])
2024-11-20 11:47:39,181 [Worker-13: Launching Executing install in C__Users_Lokesh_eclipse-enterprise-workspace_sample-project] INFO  o.eclipse.m2e.core.internal.Bundles - 	Entry: C:\Users\Lokesh\.p2\pool\plugins\slf4j.api_2.0.16.jar
2024-11-20 11:47:39,181 [Worker-13: Launching Executing install in C__Users_Lokesh_eclipse-enterprise-workspace_sample-project] INFO  o.eclipse.m2e.core.internal.Bundles - getClasspathEntries(Bundle=jakarta.inject.jakarta.inject-api_1.0.5 [34])
2024-11-20 11:47:39,181 [Worker-13: Launching Executing install in C__Users_Lokesh_eclipse-enterprise-workspace_sample-project] INFO  o.eclipse.m2e.core.internal.Bundles - 	Entry: C:\Users\Lokesh\.p2\pool\plugins\jakarta.inject.jakarta.inject-api_1.0.5.jar
2024-11-20 11:47:39,181 [Worker-13: Launching Executing install in C__Users_Lokesh_eclipse-enterprise-workspace_sample-project] INFO  o.eclipse.m2e.core.internal.Bundles - getClasspathEntries(Bundle=jakarta.annotation-api_1.3.5 [29])
2024-11-20 11:47:39,182 [Worker-13: Launching Executing install in C__Users_Lokesh_eclipse-enterprise-workspace_sample-project] INFO  o.eclipse.m2e.core.internal.Bundles - 	Entry: C:\Users\Lokesh\.p2\pool\plugins\jakarta.annotation-api_1.3.5.jar
2024-11-20 11:47:39,182 [Worker-13: Launching Executing install in C__Users_Lokesh_eclipse-enterprise-workspace_sample-project] INFO  o.eclipse.m2e.core.internal.Bundles - getClasspathEntries(Bundle=org.apache.commons.cli_1.9.0 [78])
2024-11-20 11:47:39,182 [Worker-13: Launching Executing install in C__Users_Lokesh_eclipse-enterprise-workspace_sample-project] INFO  o.eclipse.m2e.core.internal.Bundles - 	Entry: C:\Users\Lokesh\.p2\pool\plugins\org.apache.commons.cli_1.9.0.jar
2024-11-20 11:47:39,183 [Worker-13: Launching Executing install in C__Users_Lokesh_eclipse-enterprise-workspace_sample-project] INFO  o.eclipse.m2e.core.internal.Bundles - getClasspathEntries(Bundle=org.apache.commons.commons-codec_1.16.0 [81])
2024-11-20 11:47:39,184 [Worker-13: Launching Executing install in C__Users_Lokesh_eclipse-enterprise-workspace_sample-project] INFO  o.eclipse.m2e.core.internal.Bundles - 	Entry: C:\Users\Lokesh\.p2\pool\plugins\org.apache.commons.commons-codec_1.16.0.jar
2024-11-20 11:47:39,184 [Worker-13: Launching Executing install in C__Users_Lokesh_eclipse-enterprise-workspace_sample-project] INFO  o.eclipse.m2e.core.internal.Bundles - getClasspathEntries(Bundle=com.google.guava.failureaccess_1.0.2 [17])
2024-11-20 11:47:39,185 [Worker-13: Launching Executing install in C__Users_Lokesh_eclipse-enterprise-workspace_sample-project] INFO  o.eclipse.m2e.core.internal.Bundles - 	Entry: C:\Users\Lokesh\.p2\pool\plugins\com.google.guava.failureaccess_1.0.2.jar
2024-11-20 11:47:39,187 [Worker-13: Launching Executing install in C__Users_Lokesh_eclipse-enterprise-workspace_sample-project] INFO  o.e.m.i.launch.MavenLaunchDelegate - Run build in "C:\Users\Lokesh\eclipse-enterprise-workspace\sample-project":
2024-11-20 11:47:39,187 [Worker-13: Launching Executing install in C__Users_Lokesh_eclipse-enterprise-workspace_sample-project] INFO  o.e.m.i.launch.MavenLaunchDelegate -  mvn  -B -Dstyle.color=always install
2024-11-20 11:48:20,278 [Worker-13: Launching Executing test in C__Users_Lokesh_eclipse-enterprise-workspace_sample-project] INFO  o.eclipse.m2e.core.internal.Bundles - getClasspathEntries(Bundle=org.eclipse.m2e.maven.runtime_3.9.900.20240824-1409 [640])
2024-11-20 11:48:20,280 [Worker-13: Launching Executing test in C__Users_Lokesh_eclipse-enterprise-workspace_sample-project] INFO  o.eclipse.m2e.core.internal.Bundles - 	Entry: C:\Users\Lokesh\.p2\pool\plugins\org.eclipse.m2e.maven.runtime_3.9.900.20240824-1409
2024-11-20 11:48:20,280 [Worker-13: Launching Executing test in C__Users_Lokesh_eclipse-enterprise-workspace_sample-project] INFO  o.eclipse.m2e.core.internal.Bundles - 	Entry: C:\Users\Lokesh\.p2\pool\plugins\org.eclipse.m2e.maven.runtime_3.9.900.20240824-1409\jars\aopalliance-1.0.jar
2024-11-20 11:48:20,281 [Worker-13: Launching Executing test in C__Users_Lokesh_eclipse-enterprise-workspace_sample-project] INFO  o.eclipse.m2e.core.internal.Bundles - 	Entry: C:\Users\Lokesh\.p2\pool\plugins\org.eclipse.m2e.maven.runtime_3.9.900.20240824-1409\jars\guice-5.1.0.jar
2024-11-20 11:48:20,281 [Worker-13: Launching Executing test in C__Users_Lokesh_eclipse-enterprise-workspace_sample-project] INFO  o.eclipse.m2e.core.internal.Bundles - 	Entry: C:\Users\Lokesh\.p2\pool\plugins\org.eclipse.m2e.maven.runtime_3.9.900.20240824-1409\jars\httpclient-4.5.14.jar
2024-11-20 11:48:20,281 [Worker-13: Launching Executing test in C__Users_Lokesh_eclipse-enterprise-workspace_sample-project] INFO  o.eclipse.m2e.core.internal.Bundles - 	Entry: C:\Users\Lokesh\.p2\pool\plugins\org.eclipse.m2e.maven.runtime_3.9.900.20240824-1409\jars\httpcore-4.4.16.jar
2024-11-20 11:48:20,281 [Worker-13: Launching Executing test in C__Users_Lokesh_eclipse-enterprise-workspace_sample-project] INFO  o.eclipse.m2e.core.internal.Bundles - 	Entry: C:\Users\Lokesh\.p2\pool\plugins\org.eclipse.m2e.maven.runtime_3.9.900.20240824-1409\jars\jansi-2.4.1.jar
2024-11-20 11:48:20,281 [Worker-13: Launching Executing test in C__Users_Lokesh_eclipse-enterprise-workspace_sample-project] INFO  o.eclipse.m2e.core.internal.Bundles - 	Entry: C:\Users\Lokesh\.p2\pool\plugins\org.eclipse.m2e.maven.runtime_3.9.900.20240824-1409\jars\jcl-over-slf4j-1.7.36.jar
2024-11-20 11:48:20,282 [Worker-13: Launching Executing test in C__Users_Lokesh_eclipse-enterprise-workspace_sample-project] INFO  o.eclipse.m2e.core.internal.Bundles - 	Entry: C:\Users\Lokesh\.p2\pool\plugins\org.eclipse.m2e.maven.runtime_3.9.900.20240824-1409\jars\maven-artifact-3.9.9.jar
2024-11-20 11:48:20,282 [Worker-13: Launching Executing test in C__Users_Lokesh_eclipse-enterprise-workspace_sample-project] INFO  o.eclipse.m2e.core.internal.Bundles - 	Entry: C:\Users\Lokesh\.p2\pool\plugins\org.eclipse.m2e.maven.runtime_3.9.900.20240824-1409\jars\maven-builder-support-3.9.9.jar
2024-11-20 11:48:20,282 [Worker-13: Launching Executing test in C__Users_Lokesh_eclipse-enterprise-workspace_sample-project] INFO  o.eclipse.m2e.core.internal.Bundles - 	Entry: C:\Users\Lokesh\.p2\pool\plugins\org.eclipse.m2e.maven.runtime_3.9.900.20240824-1409\jars\maven-compat-3.9.9.jar
2024-11-20 11:48:20,282 [Worker-13: Launching Executing test in C__Users_Lokesh_eclipse-enterprise-workspace_sample-project] INFO  o.eclipse.m2e.core.internal.Bundles - 	Entry: C:\Users\Lokesh\.p2\pool\plugins\org.eclipse.m2e.maven.runtime_3.9.900.20240824-1409\jars\maven-core-3.9.9.jar
2024-11-20 11:48:20,282 [Worker-13: Launching Executing test in C__Users_Lokesh_eclipse-enterprise-workspace_sample-project] INFO  o.eclipse.m2e.core.internal.Bundles - 	Entry: C:\Users\Lokesh\.p2\pool\plugins\org.eclipse.m2e.maven.runtime_3.9.900.20240824-1409\jars\maven-embedder-3.9.9.jar
2024-11-20 11:48:20,283 [Worker-13: Launching Executing test in C__Users_Lokesh_eclipse-enterprise-workspace_sample-project] INFO  o.eclipse.m2e.core.internal.Bundles - 	Entry: C:\Users\Lokesh\.p2\pool\plugins\org.eclipse.m2e.maven.runtime_3.9.900.20240824-1409\jars\maven-model-3.9.9.jar
2024-11-20 11:48:20,283 [Worker-13: Launching Executing test in C__Users_Lokesh_eclipse-enterprise-workspace_sample-project] INFO  o.eclipse.m2e.core.internal.Bundles - 	Entry: C:\Users\Lokesh\.p2\pool\plugins\org.eclipse.m2e.maven.runtime_3.9.900.20240824-1409\jars\maven-model-builder-3.9.9.jar
2024-11-20 11:48:20,283 [Worker-13: Launching Executing test in C__Users_Lokesh_eclipse-enterprise-workspace_sample-project] INFO  o.eclipse.m2e.core.internal.Bundles - 	Entry: C:\Users\Lokesh\.p2\pool\plugins\org.eclipse.m2e.maven.runtime_3.9.900.20240824-1409\jars\maven-plugin-api-3.9.9.jar
2024-11-20 11:48:20,283 [Worker-13: Launching Executing test in C__Users_Lokesh_eclipse-enterprise-workspace_sample-project] INFO  o.eclipse.m2e.core.internal.Bundles - 	Entry: C:\Users\Lokesh\.p2\pool\plugins\org.eclipse.m2e.maven.runtime_3.9.900.20240824-1409\jars\maven-repository-metadata-3.9.9.jar
2024-11-20 11:48:20,283 [Worker-13: Launching Executing test in C__Users_Lokesh_eclipse-enterprise-workspace_sample-project] INFO  o.eclipse.m2e.core.internal.Bundles - 	Entry: C:\Users\Lokesh\.p2\pool\plugins\org.eclipse.m2e.maven.runtime_3.9.900.20240824-1409\jars\maven-resolver-api-1.9.22.jar
2024-11-20 11:48:20,283 [Worker-13: Launching Executing test in C__Users_Lokesh_eclipse-enterprise-workspace_sample-project] INFO  o.eclipse.m2e.core.internal.Bundles - 	Entry: C:\Users\Lokesh\.p2\pool\plugins\org.eclipse.m2e.maven.runtime_3.9.900.20240824-1409\jars\maven-resolver-connector-basic-1.9.22.jar
2024-11-20 11:48:20,283 [Worker-13: Launching Executing test in C__Users_Lokesh_eclipse-enterprise-workspace_sample-project] INFO  o.eclipse.m2e.core.internal.Bundles - 	Entry: C:\Users\Lokesh\.p2\pool\plugins\org.eclipse.m2e.maven.runtime_3.9.900.20240824-1409\jars\maven-resolver-impl-1.9.22.jar
2024-11-20 11:48:20,284 [Worker-13: Launching Executing test in C__Users_Lokesh_eclipse-enterprise-workspace_sample-project] INFO  o.eclipse.m2e.core.internal.Bundles - 	Entry: C:\Users\Lokesh\.p2\pool\plugins\org.eclipse.m2e.maven.runtime_3.9.900.20240824-1409\jars\maven-resolver-named-locks-1.9.22.jar
2024-11-20 11:48:20,284 [Worker-13: Launching Executing test in C__Users_Lokesh_eclipse-enterprise-workspace_sample-project] INFO  o.eclipse.m2e.core.internal.Bundles - 	Entry: C:\Users\Lokesh\.p2\pool\plugins\org.eclipse.m2e.maven.runtime_3.9.900.20240824-1409\jars\maven-resolver-provider-3.9.9.jar
2024-11-20 11:48:20,284 [Worker-13: Launching Executing test in C__Users_Lokesh_eclipse-enterprise-workspace_sample-project] INFO  o.eclipse.m2e.core.internal.Bundles - 	Entry: C:\Users\Lokesh\.p2\pool\plugins\org.eclipse.m2e.maven.runtime_3.9.900.20240824-1409\jars\maven-resolver-spi-1.9.22.jar
2024-11-20 11:48:20,284 [Worker-13: Launching Executing test in C__Users_Lokesh_eclipse-enterprise-workspace_sample-project] INFO  o.eclipse.m2e.core.internal.Bundles - 	Entry: C:\Users\Lokesh\.p2\pool\plugins\org.eclipse.m2e.maven.runtime_3.9.900.20240824-1409\jars\maven-resolver-transport-file-1.9.22.jar
2024-11-20 11:48:20,284 [Worker-13: Launching Executing test in C__Users_Lokesh_eclipse-enterprise-workspace_sample-project] INFO  o.eclipse.m2e.core.internal.Bundles - 	Entry: C:\Users\Lokesh\.p2\pool\plugins\org.eclipse.m2e.maven.runtime_3.9.900.20240824-1409\jars\maven-resolver-transport-http-1.9.22.jar
2024-11-20 11:48:20,284 [Worker-13: Launching Executing test in C__Users_Lokesh_eclipse-enterprise-workspace_sample-project] INFO  o.eclipse.m2e.core.internal.Bundles - 	Entry: C:\Users\Lokesh\.p2\pool\plugins\org.eclipse.m2e.maven.runtime_3.9.900.20240824-1409\jars\maven-resolver-transport-wagon-1.9.22.jar
2024-11-20 11:48:20,285 [Worker-13: Launching Executing test in C__Users_Lokesh_eclipse-enterprise-workspace_sample-project] INFO  o.eclipse.m2e.core.internal.Bundles - 	Entry: C:\Users\Lokesh\.p2\pool\plugins\org.eclipse.m2e.maven.runtime_3.9.900.20240824-1409\jars\maven-resolver-util-1.9.22.jar
2024-11-20 11:48:20,285 [Worker-13: Launching Executing test in C__Users_Lokesh_eclipse-enterprise-workspace_sample-project] INFO  o.eclipse.m2e.core.internal.Bundles - 	Entry: C:\Users\Lokesh\.p2\pool\plugins\org.eclipse.m2e.maven.runtime_3.9.900.20240824-1409\jars\maven-settings-3.9.9.jar
2024-11-20 11:48:20,285 [Worker-13: Launching Executing test in C__Users_Lokesh_eclipse-enterprise-workspace_sample-project] INFO  o.eclipse.m2e.core.internal.Bundles - 	Entry: C:\Users\Lokesh\.p2\pool\plugins\org.eclipse.m2e.maven.runtime_3.9.900.20240824-1409\jars\maven-settings-builder-3.9.9.jar
2024-11-20 11:48:20,285 [Worker-13: Launching Executing test in C__Users_Lokesh_eclipse-enterprise-workspace_sample-project] INFO  o.eclipse.m2e.core.internal.Bundles - 	Entry: C:\Users\Lokesh\.p2\pool\plugins\org.eclipse.m2e.maven.runtime_3.9.900.20240824-1409\jars\maven-shared-utils-3.4.2.jar
2024-11-20 11:48:20,285 [Worker-13: Launching Executing test in C__Users_Lokesh_eclipse-enterprise-workspace_sample-project] INFO  o.eclipse.m2e.core.internal.Bundles - 	Entry: C:\Users\Lokesh\.p2\pool\plugins\org.eclipse.m2e.maven.runtime_3.9.900.20240824-1409\jars\org.eclipse.sisu.inject-0.9.0.M3.jar
2024-11-20 11:48:20,285 [Worker-13: Launching Executing test in C__Users_Lokesh_eclipse-enterprise-workspace_sample-project] INFO  o.eclipse.m2e.core.internal.Bundles - 	Entry: C:\Users\Lokesh\.p2\pool\plugins\org.eclipse.m2e.maven.runtime_3.9.900.20240824-1409\jars\org.eclipse.sisu.plexus-0.9.0.M3.jar
2024-11-20 11:48:20,286 [Worker-13: Launching Executing test in C__Users_Lokesh_eclipse-enterprise-workspace_sample-project] INFO  o.eclipse.m2e.core.internal.Bundles - 	Entry: C:\Users\Lokesh\.p2\pool\plugins\org.eclipse.m2e.maven.runtime_3.9.900.20240824-1409\jars\plexus-build-api-0.0.7.jar
2024-11-20 11:48:20,286 [Worker-13: Launching Executing test in C__Users_Lokesh_eclipse-enterprise-workspace_sample-project] INFO  o.eclipse.m2e.core.internal.Bundles - 	Entry: C:\Users\Lokesh\.p2\pool\plugins\org.eclipse.m2e.maven.runtime_3.9.900.20240824-1409\jars\plexus-build-api-1.2.0.jar
2024-11-20 11:48:20,286 [Worker-13: Launching Executing test in C__Users_Lokesh_eclipse-enterprise-workspace_sample-project] INFO  o.eclipse.m2e.core.internal.Bundles - 	Entry: C:\Users\Lokesh\.p2\pool\plugins\org.eclipse.m2e.maven.runtime_3.9.900.20240824-1409\jars\plexus-cipher-2.0.jar
2024-11-20 11:48:20,286 [Worker-13: Launching Executing test in C__Users_Lokesh_eclipse-enterprise-workspace_sample-project] INFO  o.eclipse.m2e.core.internal.Bundles - 	Entry: C:\Users\Lokesh\.p2\pool\plugins\org.eclipse.m2e.maven.runtime_3.9.900.20240824-1409\jars\plexus-classworlds-2.8.0.jar
2024-11-20 11:48:20,286 [Worker-13: Launching Executing test in C__Users_Lokesh_eclipse-enterprise-workspace_sample-project] INFO  o.eclipse.m2e.core.internal.Bundles - 	Entry: C:\Users\Lokesh\.p2\pool\plugins\org.eclipse.m2e.maven.runtime_3.9.900.20240824-1409\jars\plexus-component-annotations-2.1.0.jar
2024-11-20 11:48:20,287 [Worker-13: Launching Executing test in C__Users_Lokesh_eclipse-enterprise-workspace_sample-project] INFO  o.eclipse.m2e.core.internal.Bundles - 	Entry: C:\Users\Lokesh\.p2\pool\plugins\org.eclipse.m2e.maven.runtime_3.9.900.20240824-1409\jars\plexus-interpolation-1.27.jar
2024-11-20 11:48:20,287 [Worker-13: Launching Executing test in C__Users_Lokesh_eclipse-enterprise-workspace_sample-project] INFO  o.eclipse.m2e.core.internal.Bundles - 	Entry: C:\Users\Lokesh\.p2\pool\plugins\org.eclipse.m2e.maven.runtime_3.9.900.20240824-1409\jars\plexus-sec-dispatcher-2.0.jar
2024-11-20 11:48:20,287 [Worker-13: Launching Executing test in C__Users_Lokesh_eclipse-enterprise-workspace_sample-project] INFO  o.eclipse.m2e.core.internal.Bundles - 	Entry: C:\Users\Lokesh\.p2\pool\plugins\org.eclipse.m2e.maven.runtime_3.9.900.20240824-1409\jars\plexus-utils-3.5.1.jar
2024-11-20 11:48:20,287 [Worker-13: Launching Executing test in C__Users_Lokesh_eclipse-enterprise-workspace_sample-project] INFO  o.eclipse.m2e.core.internal.Bundles - 	Entry: C:\Users\Lokesh\.p2\pool\plugins\org.eclipse.m2e.maven.runtime_3.9.900.20240824-1409\jars\plexus-xml-3.0.1.jar
2024-11-20 11:48:20,287 [Worker-13: Launching Executing test in C__Users_Lokesh_eclipse-enterprise-workspace_sample-project] INFO  o.eclipse.m2e.core.internal.Bundles - 	Entry: C:\Users\Lokesh\.p2\pool\plugins\org.eclipse.m2e.maven.runtime_3.9.900.20240824-1409\jars\wagon-file-3.5.3.jar
2024-11-20 11:48:20,287 [Worker-13: Launching Executing test in C__Users_Lokesh_eclipse-enterprise-workspace_sample-project] INFO  o.eclipse.m2e.core.internal.Bundles - 	Entry: C:\Users\Lokesh\.p2\pool\plugins\org.eclipse.m2e.maven.runtime_3.9.900.20240824-1409\jars\wagon-http-3.5.3.jar
2024-11-20 11:48:20,288 [Worker-13: Launching Executing test in C__Users_Lokesh_eclipse-enterprise-workspace_sample-project] INFO  o.eclipse.m2e.core.internal.Bundles - 	Entry: C:\Users\Lokesh\.p2\pool\plugins\org.eclipse.m2e.maven.runtime_3.9.900.20240824-1409\jars\wagon-http-shared-3.5.3.jar
2024-11-20 11:48:20,288 [Worker-13: Launching Executing test in C__Users_Lokesh_eclipse-enterprise-workspace_sample-project] INFO  o.eclipse.m2e.core.internal.Bundles - 	Entry: C:\Users\Lokesh\.p2\pool\plugins\org.eclipse.m2e.maven.runtime_3.9.900.20240824-1409\jars\wagon-provider-api-3.5.3.jar
2024-11-20 11:48:20,288 [Worker-13: Launching Executing test in C__Users_Lokesh_eclipse-enterprise-workspace_sample-project] INFO  o.eclipse.m2e.core.internal.Bundles - getClasspathEntries(Bundle=com.google.guava_33.3.0.jre [16])
2024-11-20 11:48:20,288 [Worker-13: Launching Executing test in C__Users_Lokesh_eclipse-enterprise-workspace_sample-project] INFO  o.eclipse.m2e.core.internal.Bundles - 	Entry: C:\Users\Lokesh\.p2\pool\plugins\com.google.guava_33.3.0.jre.jar
2024-11-20 11:48:20,288 [Worker-13: Launching Executing test in C__Users_Lokesh_eclipse-enterprise-workspace_sample-project] INFO  o.eclipse.m2e.core.internal.Bundles - getClasspathEntries(Bundle=slf4j.api_2.0.16 [1005])
2024-11-20 11:48:20,289 [Worker-13: Launching Executing test in C__Users_Lokesh_eclipse-enterprise-workspace_sample-project] INFO  o.eclipse.m2e.core.internal.Bundles - 	Entry: C:\Users\Lokesh\.p2\pool\plugins\slf4j.api_2.0.16.jar
2024-11-20 11:48:20,289 [Worker-13: Launching Executing test in C__Users_Lokesh_eclipse-enterprise-workspace_sample-project] INFO  o.eclipse.m2e.core.internal.Bundles - getClasspathEntries(Bundle=jakarta.inject.jakarta.inject-api_1.0.5 [34])
2024-11-20 11:48:20,289 [Worker-13: Launching Executing test in C__Users_Lokesh_eclipse-enterprise-workspace_sample-project] INFO  o.eclipse.m2e.core.internal.Bundles - 	Entry: C:\Users\Lokesh\.p2\pool\plugins\jakarta.inject.jakarta.inject-api_1.0.5.jar
2024-11-20 11:48:20,289 [Worker-13: Launching Executing test in C__Users_Lokesh_eclipse-enterprise-workspace_sample-project] INFO  o.eclipse.m2e.core.internal.Bundles - getClasspathEntries(Bundle=jakarta.annotation-api_1.3.5 [29])
2024-11-20 11:48:20,290 [Worker-13: Launching Executing test in C__Users_Lokesh_eclipse-enterprise-workspace_sample-project] INFO  o.eclipse.m2e.core.internal.Bundles - 	Entry: C:\Users\Lokesh\.p2\pool\plugins\jakarta.annotation-api_1.3.5.jar
2024-11-20 11:48:20,290 [Worker-13: Launching Executing test in C__Users_Lokesh_eclipse-enterprise-workspace_sample-project] INFO  o.eclipse.m2e.core.internal.Bundles - getClasspathEntries(Bundle=org.apache.commons.cli_1.9.0 [78])
2024-11-20 11:48:20,290 [Worker-13: Launching Executing test in C__Users_Lokesh_eclipse-enterprise-workspace_sample-project] INFO  o.eclipse.m2e.core.internal.Bundles - 	Entry: C:\Users\Lokesh\.p2\pool\plugins\org.apache.commons.cli_1.9.0.jar
2024-11-20 11:48:20,290 [Worker-13: Launching Executing test in C__Users_Lokesh_eclipse-enterprise-workspace_sample-project] INFO  o.eclipse.m2e.core.internal.Bundles - getClasspathEntries(Bundle=org.apache.commons.commons-codec_1.16.0 [81])
2024-11-20 11:48:20,291 [Worker-13: Launching Executing test in C__Users_Lokesh_eclipse-enterprise-workspace_sample-project] INFO  o.eclipse.m2e.core.internal.Bundles - 	Entry: C:\Users\Lokesh\.p2\pool\plugins\org.apache.commons.commons-codec_1.16.0.jar
2024-11-20 11:48:20,291 [Worker-13: Launching Executing test in C__Users_Lokesh_eclipse-enterprise-workspace_sample-project] INFO  o.eclipse.m2e.core.internal.Bundles - getClasspathEntries(Bundle=com.google.guava.failureaccess_1.0.2 [17])
2024-11-20 11:48:20,291 [Worker-13: Launching Executing test in C__Users_Lokesh_eclipse-enterprise-workspace_sample-project] INFO  o.eclipse.m2e.core.internal.Bundles - 	Entry: C:\Users\Lokesh\.p2\pool\plugins\com.google.guava.failureaccess_1.0.2.jar
2024-11-20 11:48:20,293 [Worker-13: Launching Executing test in C__Users_Lokesh_eclipse-enterprise-workspace_sample-project] INFO  o.e.m.i.launch.MavenLaunchDelegate - Run build in "C:\Users\Lokesh\eclipse-enterprise-workspace\sample-project":
2024-11-20 11:48:20,293 [Worker-13: Launching Executing test in C__Users_Lokesh_eclipse-enterprise-workspace_sample-project] INFO  o.e.m.i.launch.MavenLaunchDelegate -  mvn  -B -Dstyle.color=always test
2024-11-20 11:48:36,150 [main] INFO  o.e.m2e.actions.ExecutePomAction - Creating new launch configuration
2024-11-20 11:48:52,254 [Worker-30: Launching sample-project] INFO  o.eclipse.m2e.core.internal.Bundles - getClasspathEntries(Bundle=org.eclipse.m2e.maven.runtime_3.9.900.20240824-1409 [640])
2024-11-20 11:48:52,256 [Worker-30: Launching sample-project] INFO  o.eclipse.m2e.core.internal.Bundles - 	Entry: C:\Users\Lokesh\.p2\pool\plugins\org.eclipse.m2e.maven.runtime_3.9.900.20240824-1409
2024-11-20 11:48:52,256 [Worker-30: Launching sample-project] INFO  o.eclipse.m2e.core.internal.Bundles - 	Entry: C:\Users\Lokesh\.p2\pool\plugins\org.eclipse.m2e.maven.runtime_3.9.900.20240824-1409\jars\aopalliance-1.0.jar
2024-11-20 11:48:52,257 [Worker-30: Launching sample-project] INFO  o.eclipse.m2e.core.internal.Bundles - 	Entry: C:\Users\Lokesh\.p2\pool\plugins\org.eclipse.m2e.maven.runtime_3.9.900.20240824-1409\jars\guice-5.1.0.jar
2024-11-20 11:48:52,257 [Worker-30: Launching sample-project] INFO  o.eclipse.m2e.core.internal.Bundles - 	Entry: C:\Users\Lokesh\.p2\pool\plugins\org.eclipse.m2e.maven.runtime_3.9.900.20240824-1409\jars\httpclient-4.5.14.jar
2024-11-20 11:48:52,257 [Worker-30: Launching sample-project] INFO  o.eclipse.m2e.core.internal.Bundles - 	Entry: C:\Users\Lokesh\.p2\pool\plugins\org.eclipse.m2e.maven.runtime_3.9.900.20240824-1409\jars\httpcore-4.4.16.jar
2024-11-20 11:48:52,257 [Worker-30: Launching sample-project] INFO  o.eclipse.m2e.core.internal.Bundles - 	Entry: C:\Users\Lokesh\.p2\pool\plugins\org.eclipse.m2e.maven.runtime_3.9.900.20240824-1409\jars\jansi-2.4.1.jar
2024-11-20 11:48:52,258 [Worker-30: Launching sample-project] INFO  o.eclipse.m2e.core.internal.Bundles - 	Entry: C:\Users\Lokesh\.p2\pool\plugins\org.eclipse.m2e.maven.runtime_3.9.900.20240824-1409\jars\jcl-over-slf4j-1.7.36.jar
2024-11-20 11:48:52,258 [Worker-30: Launching sample-project] INFO  o.eclipse.m2e.core.internal.Bundles - 	Entry: C:\Users\Lokesh\.p2\pool\plugins\org.eclipse.m2e.maven.runtime_3.9.900.20240824-1409\jars\maven-artifact-3.9.9.jar
2024-11-20 11:48:52,258 [Worker-30: Launching sample-project] INFO  o.eclipse.m2e.core.internal.Bundles - 	Entry: C:\Users\Lokesh\.p2\pool\plugins\org.eclipse.m2e.maven.runtime_3.9.900.20240824-1409\jars\maven-builder-support-3.9.9.jar
2024-11-20 11:48:52,258 [Worker-30: Launching sample-project] INFO  o.eclipse.m2e.core.internal.Bundles - 	Entry: C:\Users\Lokesh\.p2\pool\plugins\org.eclipse.m2e.maven.runtime_3.9.900.20240824-1409\jars\maven-compat-3.9.9.jar
2024-11-20 11:48:52,258 [Worker-30: Launching sample-project] INFO  o.eclipse.m2e.core.internal.Bundles - 	Entry: C:\Users\Lokesh\.p2\pool\plugins\org.eclipse.m2e.maven.runtime_3.9.900.20240824-1409\jars\maven-core-3.9.9.jar
2024-11-20 11:48:52,259 [Worker-30: Launching sample-project] INFO  o.eclipse.m2e.core.internal.Bundles - 	Entry: C:\Users\Lokesh\.p2\pool\plugins\org.eclipse.m2e.maven.runtime_3.9.900.20240824-1409\jars\maven-embedder-3.9.9.jar
2024-11-20 11:48:52,259 [Worker-30: Launching sample-project] INFO  o.eclipse.m2e.core.internal.Bundles - 	Entry: C:\Users\Lokesh\.p2\pool\plugins\org.eclipse.m2e.maven.runtime_3.9.900.20240824-1409\jars\maven-model-3.9.9.jar
2024-11-20 11:48:52,259 [Worker-30: Launching sample-project] INFO  o.eclipse.m2e.core.internal.Bundles - 	Entry: C:\Users\Lokesh\.p2\pool\plugins\org.eclipse.m2e.maven.runtime_3.9.900.20240824-1409\jars\maven-model-builder-3.9.9.jar
2024-11-20 11:48:52,259 [Worker-30: Launching sample-project] INFO  o.eclipse.m2e.core.internal.Bundles - 	Entry: C:\Users\Lokesh\.p2\pool\plugins\org.eclipse.m2e.maven.runtime_3.9.900.20240824-1409\jars\maven-plugin-api-3.9.9.jar
2024-11-20 11:48:52,259 [Worker-30: Launching sample-project] INFO  o.eclipse.m2e.core.internal.Bundles - 	Entry: C:\Users\Lokesh\.p2\pool\plugins\org.eclipse.m2e.maven.runtime_3.9.900.20240824-1409\jars\maven-repository-metadata-3.9.9.jar
2024-11-20 11:48:52,259 [Worker-30: Launching sample-project] INFO  o.eclipse.m2e.core.internal.Bundles - 	Entry: C:\Users\Lokesh\.p2\pool\plugins\org.eclipse.m2e.maven.runtime_3.9.900.20240824-1409\jars\maven-resolver-api-1.9.22.jar
2024-11-20 11:48:52,260 [Worker-30: Launching sample-project] INFO  o.eclipse.m2e.core.internal.Bundles - 	Entry: C:\Users\Lokesh\.p2\pool\plugins\org.eclipse.m2e.maven.runtime_3.9.900.20240824-1409\jars\maven-resolver-connector-basic-1.9.22.jar
2024-11-20 11:48:52,260 [Worker-30: Launching sample-project] INFO  o.eclipse.m2e.core.internal.Bundles - 	Entry: C:\Users\Lokesh\.p2\pool\plugins\org.eclipse.m2e.maven.runtime_3.9.900.20240824-1409\jars\maven-resolver-impl-1.9.22.jar
2024-11-20 11:48:52,260 [Worker-30: Launching sample-project] INFO  o.eclipse.m2e.core.internal.Bundles - 	Entry: C:\Users\Lokesh\.p2\pool\plugins\org.eclipse.m2e.maven.runtime_3.9.900.20240824-1409\jars\maven-resolver-named-locks-1.9.22.jar
2024-11-20 11:48:52,260 [Worker-30: Launching sample-project] INFO  o.eclipse.m2e.core.internal.Bundles - 	Entry: C:\Users\Lokesh\.p2\pool\plugins\org.eclipse.m2e.maven.runtime_3.9.900.20240824-1409\jars\maven-resolver-provider-3.9.9.jar
2024-11-20 11:48:52,260 [Worker-30: Launching sample-project] INFO  o.eclipse.m2e.core.internal.Bundles - 	Entry: C:\Users\Lokesh\.p2\pool\plugins\org.eclipse.m2e.maven.runtime_3.9.900.20240824-1409\jars\maven-resolver-spi-1.9.22.jar
2024-11-20 11:48:52,260 [Worker-30: Launching sample-project] INFO  o.eclipse.m2e.core.internal.Bundles - 	Entry: C:\Users\Lokesh\.p2\pool\plugins\org.eclipse.m2e.maven.runtime_3.9.900.20240824-1409\jars\maven-resolver-transport-file-1.9.22.jar
2024-11-20 11:48:52,260 [Worker-30: Launching sample-project] INFO  o.eclipse.m2e.core.internal.Bundles - 	Entry: C:\Users\Lokesh\.p2\pool\plugins\org.eclipse.m2e.maven.runtime_3.9.900.20240824-1409\jars\maven-resolver-transport-http-1.9.22.jar
2024-11-20 11:48:52,261 [Worker-30: Launching sample-project] INFO  o.eclipse.m2e.core.internal.Bundles - 	Entry: C:\Users\Lokesh\.p2\pool\plugins\org.eclipse.m2e.maven.runtime_3.9.900.20240824-1409\jars\maven-resolver-transport-wagon-1.9.22.jar
2024-11-20 11:48:52,261 [Worker-30: Launching sample-project] INFO  o.eclipse.m2e.core.internal.Bundles - 	Entry: C:\Users\Lokesh\.p2\pool\plugins\org.eclipse.m2e.maven.runtime_3.9.900.20240824-1409\jars\maven-resolver-util-1.9.22.jar
2024-11-20 11:48:52,261 [Worker-30: Launching sample-project] INFO  o.eclipse.m2e.core.internal.Bundles - 	Entry: C:\Users\Lokesh\.p2\pool\plugins\org.eclipse.m2e.maven.runtime_3.9.900.20240824-1409\jars\maven-settings-3.9.9.jar
2024-11-20 11:48:52,261 [Worker-30: Launching sample-project] INFO  o.eclipse.m2e.core.internal.Bundles - 	Entry: C:\Users\Lokesh\.p2\pool\plugins\org.eclipse.m2e.maven.runtime_3.9.900.20240824-1409\jars\maven-settings-builder-3.9.9.jar
2024-11-20 11:48:52,261 [Worker-30: Launching sample-project] INFO  o.eclipse.m2e.core.internal.Bundles - 	Entry: C:\Users\Lokesh\.p2\pool\plugins\org.eclipse.m2e.maven.runtime_3.9.900.20240824-1409\jars\maven-shared-utils-3.4.2.jar
2024-11-20 11:48:52,261 [Worker-30: Launching sample-project] INFO  o.eclipse.m2e.core.internal.Bundles - 	Entry: C:\Users\Lokesh\.p2\pool\plugins\org.eclipse.m2e.maven.runtime_3.9.900.20240824-1409\jars\org.eclipse.sisu.inject-0.9.0.M3.jar
2024-11-20 11:48:52,262 [Worker-30: Launching sample-project] INFO  o.eclipse.m2e.core.internal.Bundles - 	Entry: C:\Users\Lokesh\.p2\pool\plugins\org.eclipse.m2e.maven.runtime_3.9.900.20240824-1409\jars\org.eclipse.sisu.plexus-0.9.0.M3.jar
2024-11-20 11:48:52,262 [Worker-30: Launching sample-project] INFO  o.eclipse.m2e.core.internal.Bundles - 	Entry: C:\Users\Lokesh\.p2\pool\plugins\org.eclipse.m2e.maven.runtime_3.9.900.20240824-1409\jars\plexus-build-api-0.0.7.jar
2024-11-20 11:48:52,262 [Worker-30: Launching sample-project] INFO  o.eclipse.m2e.core.internal.Bundles - 	Entry: C:\Users\Lokesh\.p2\pool\plugins\org.eclipse.m2e.maven.runtime_3.9.900.20240824-1409\jars\plexus-build-api-1.2.0.jar
2024-11-20 11:48:52,262 [Worker-30: Launching sample-project] INFO  o.eclipse.m2e.core.internal.Bundles - 	Entry: C:\Users\Lokesh\.p2\pool\plugins\org.eclipse.m2e.maven.runtime_3.9.900.20240824-1409\jars\plexus-cipher-2.0.jar
2024-11-20 11:48:52,262 [Worker-30: Launching sample-project] INFO  o.eclipse.m2e.core.internal.Bundles - 	Entry: C:\Users\Lokesh\.p2\pool\plugins\org.eclipse.m2e.maven.runtime_3.9.900.20240824-1409\jars\plexus-classworlds-2.8.0.jar
2024-11-20 11:48:52,262 [Worker-30: Launching sample-project] INFO  o.eclipse.m2e.core.internal.Bundles - 	Entry: C:\Users\Lokesh\.p2\pool\plugins\org.eclipse.m2e.maven.runtime_3.9.900.20240824-1409\jars\plexus-component-annotations-2.1.0.jar
2024-11-20 11:48:52,263 [Worker-30: Launching sample-project] INFO  o.eclipse.m2e.core.internal.Bundles - 	Entry: C:\Users\Lokesh\.p2\pool\plugins\org.eclipse.m2e.maven.runtime_3.9.900.20240824-1409\jars\plexus-interpolation-1.27.jar
2024-11-20 11:48:52,263 [Worker-30: Launching sample-project] INFO  o.eclipse.m2e.core.internal.Bundles - 	Entry: C:\Users\Lokesh\.p2\pool\plugins\org.eclipse.m2e.maven.runtime_3.9.900.20240824-1409\jars\plexus-sec-dispatcher-2.0.jar
2024-11-20 11:48:52,263 [Worker-30: Launching sample-project] INFO  o.eclipse.m2e.core.internal.Bundles - 	Entry: C:\Users\Lokesh\.p2\pool\plugins\org.eclipse.m2e.maven.runtime_3.9.900.20240824-1409\jars\plexus-utils-3.5.1.jar
2024-11-20 11:48:52,263 [Worker-30: Launching sample-project] INFO  o.eclipse.m2e.core.internal.Bundles - 	Entry: C:\Users\Lokesh\.p2\pool\plugins\org.eclipse.m2e.maven.runtime_3.9.900.20240824-1409\jars\plexus-xml-3.0.1.jar
2024-11-20 11:48:52,263 [Worker-30: Launching sample-project] INFO  o.eclipse.m2e.core.internal.Bundles - 	Entry: C:\Users\Lokesh\.p2\pool\plugins\org.eclipse.m2e.maven.runtime_3.9.900.20240824-1409\jars\wagon-file-3.5.3.jar
2024-11-20 11:48:52,263 [Worker-30: Launching sample-project] INFO  o.eclipse.m2e.core.internal.Bundles - 	Entry: C:\Users\Lokesh\.p2\pool\plugins\org.eclipse.m2e.maven.runtime_3.9.900.20240824-1409\jars\wagon-http-3.5.3.jar
2024-11-20 11:48:52,264 [Worker-30: Launching sample-project] INFO  o.eclipse.m2e.core.internal.Bundles - 	Entry: C:\Users\Lokesh\.p2\pool\plugins\org.eclipse.m2e.maven.runtime_3.9.900.20240824-1409\jars\wagon-http-shared-3.5.3.jar
2024-11-20 11:48:52,264 [Worker-30: Launching sample-project] INFO  o.eclipse.m2e.core.internal.Bundles - 	Entry: C:\Users\Lokesh\.p2\pool\plugins\org.eclipse.m2e.maven.runtime_3.9.900.20240824-1409\jars\wagon-provider-api-3.5.3.jar
2024-11-20 11:48:52,265 [Worker-30: Launching sample-project] INFO  o.eclipse.m2e.core.internal.Bundles - getClasspathEntries(Bundle=com.google.guava_33.3.0.jre [16])
2024-11-20 11:48:52,266 [Worker-30: Launching sample-project] INFO  o.eclipse.m2e.core.internal.Bundles - 	Entry: C:\Users\Lokesh\.p2\pool\plugins\com.google.guava_33.3.0.jre.jar
2024-11-20 11:48:52,266 [Worker-30: Launching sample-project] INFO  o.eclipse.m2e.core.internal.Bundles - getClasspathEntries(Bundle=slf4j.api_2.0.16 [1005])
2024-11-20 11:48:52,267 [Worker-30: Launching sample-project] INFO  o.eclipse.m2e.core.internal.Bundles - 	Entry: C:\Users\Lokesh\.p2\pool\plugins\slf4j.api_2.0.16.jar
2024-11-20 11:48:52,268 [Worker-30: Launching sample-project] INFO  o.eclipse.m2e.core.internal.Bundles - getClasspathEntries(Bundle=jakarta.inject.jakarta.inject-api_1.0.5 [34])
2024-11-20 11:48:52,270 [Worker-30: Launching sample-project] INFO  o.eclipse.m2e.core.internal.Bundles - 	Entry: C:\Users\Lokesh\.p2\pool\plugins\jakarta.inject.jakarta.inject-api_1.0.5.jar
2024-11-20 11:48:52,270 [Worker-30: Launching sample-project] INFO  o.eclipse.m2e.core.internal.Bundles - getClasspathEntries(Bundle=jakarta.annotation-api_1.3.5 [29])
2024-11-20 11:48:52,271 [Worker-30: Launching sample-project] INFO  o.eclipse.m2e.core.internal.Bundles - 	Entry: C:\Users\Lokesh\.p2\pool\plugins\jakarta.annotation-api_1.3.5.jar
2024-11-20 11:48:52,271 [Worker-30: Launching sample-project] INFO  o.eclipse.m2e.core.internal.Bundles - getClasspathEntries(Bundle=org.apache.commons.cli_1.9.0 [78])
2024-11-20 11:48:52,271 [Worker-30: Launching sample-project] INFO  o.eclipse.m2e.core.internal.Bundles - 	Entry: C:\Users\Lokesh\.p2\pool\plugins\org.apache.commons.cli_1.9.0.jar
2024-11-20 11:48:52,272 [Worker-30: Launching sample-project] INFO  o.eclipse.m2e.core.internal.Bundles - getClasspathEntries(Bundle=org.apache.commons.commons-codec_1.16.0 [81])
2024-11-20 11:48:52,272 [Worker-30: Launching sample-project] INFO  o.eclipse.m2e.core.internal.Bundles - 	Entry: C:\Users\Lokesh\.p2\pool\plugins\org.apache.commons.commons-codec_1.16.0.jar
2024-11-20 11:48:52,272 [Worker-30: Launching sample-project] INFO  o.eclipse.m2e.core.internal.Bundles - getClasspathEntries(Bundle=com.google.guava.failureaccess_1.0.2 [17])
2024-11-20 11:48:52,273 [Worker-30: Launching sample-project] INFO  o.eclipse.m2e.core.internal.Bundles - 	Entry: C:\Users\Lokesh\.p2\pool\plugins\com.google.guava.failureaccess_1.0.2.jar
2024-11-20 11:48:52,275 [Worker-30: Launching sample-project] INFO  o.e.m.i.launch.MavenLaunchDelegate - Run build in "C:\Users\Lokesh\eclipse-enterprise-workspace\sample-project":
2024-11-20 11:48:52,276 [Worker-30: Launching sample-project] INFO  o.e.m.i.launch.MavenLaunchDelegate -  mvn  -B -Dstyle.color=always clean maven test
